<?xml version="1.0" encoding="UTF-8"?>
<testng-results ignored="0" total="2" passed="2" failed="0" skipped="0">
  <reporter-output>
  </reporter-output>
  <suite started-at="2026-02-16T18:00:48 IST" name="Default suite" finished-at="2026-02-16T18:01:31 IST" duration-ms="43161">
    <groups>
    </groups>
    <test started-at="2026-02-16T18:00:48 IST" name="Default test" finished-at="2026-02-16T18:01:31 IST" duration-ms="43161">
      <class name="testPackageCRM.TestClass">
        <test-method is-config="true" signature="reportSetup()[pri:0, instance:testPackageCRM.TestClass@1c1bbc4e]" started-at="2026-02-16T18:00:48 IST" name="reportSetup" finished-at="2026-02-16T18:00:48 IST" duration-ms="164" status="PASS">
          <reporter-output>
          </reporter-output>
        </test-method> <!-- reportSetup -->
        <test-method is-config="true" signature="browserSetup()[pri:0, instance:testPackageCRM.TestClass@1c1bbc4e]" started-at="2026-02-16T18:00:48 IST" name="browserSetup" finished-at="2026-02-16T18:00:50 IST" duration-ms="1552" status="PASS">
          <reporter-output>
          </reporter-output>
        </test-method> <!-- browserSetup -->
        <test-method is-config="true" signature="createTest(java.lang.reflect.Method)[pri:0, instance:testPackageCRM.TestClass@1c1bbc4e]" started-at="2026-02-16T18:00:51 IST" name="createTest" finished-at="2026-02-16T18:00:51 IST" duration-ms="3" status="PASS">
          <params>
            <param index="0">
              <value>
                <![CDATA[public void testPackageCRM.TestClass.loginUsingExcel(java.lang.String,java.lang.String,java.lang.String)]]>
              </value>
            </param>
          </params>
          <reporter-output>
          </reporter-output>
        </test-method> <!-- createTest -->
        <test-method signature="loginUsingExcel(java.lang.String,java.lang.String,java.lang.String)[pri:1, instance:testPackageCRM.TestClass@1c1bbc4e]" started-at="2026-02-16T18:00:51 IST" name="loginUsingExcel" data-provider="loginData" finished-at="2026-02-16T18:01:00 IST" duration-ms="8866" status="PASS">
          <params>
            <param index="0">
              <value>
                <![CDATA[https://d2m63gufb5x623.cloudfront.net/login]]>
              </value>
            </param>
            <param index="1">
              <value>
                <![CDATA[kanjana@energyscaperenewables.com]]>
              </value>
            </param>
            <param index="2">
              <value>
                <![CDATA[Energy@2026]]>
              </value>
            </param>
          </params>
          <reporter-output>
          </reporter-output>
        </test-method> <!-- loginUsingExcel -->
        <test-method is-config="true" signature="captureResult(org.testng.ITestResult)[pri:0, instance:testPackageCRM.TestClass@1c1bbc4e]" started-at="2026-02-16T18:01:00 IST" name="captureResult" finished-at="2026-02-16T18:01:00 IST" duration-ms="1" status="PASS">
          <params>
            <param index="0">
              <value>
                <![CDATA[[TestResult name=loginUsingExcel status=SUCCESS method=TestClass.loginUsingExcel(java.lang.String,java.lang.String,java.lang.String)[pri:1, instance:testPackageCRM.TestClass@1c1bbc4e] output={null}]]]>
              </value>
            </param>
          </params>
          <reporter-output>
          </reporter-output>
        </test-method> <!-- captureResult -->
        <test-method signature="projectTest()[pri:2, instance:testPackageCRM.TestClass@1c1bbc4e]" started-at="2026-02-16T18:01:00 IST" name="projectTest" finished-at="2026-02-16T18:01:31 IST" duration-ms="31632" status="PASS">
          <reporter-output>
          </reporter-output>
        </test-method> <!-- projectTest -->
        <test-method is-config="true" signature="createTest(java.lang.reflect.Method)[pri:0, instance:testPackageCRM.TestClass@1c1bbc4e]" started-at="2026-02-16T18:01:00 IST" name="createTest" finished-at="2026-02-16T18:01:00 IST" duration-ms="0" status="PASS">
          <params>
            <param index="0">
              <value>
                <![CDATA[public void testPackageCRM.TestClass.projectTest() throws java.lang.Exception]]>
              </value>
            </param>
          </params>
          <reporter-output>
          </reporter-output>
        </test-method> <!-- createTest -->
        <test-method is-config="true" signature="captureResult(org.testng.ITestResult)[pri:0, instance:testPackageCRM.TestClass@1c1bbc4e]" started-at="2026-02-16T18:01:31 IST" name="captureResult" finished-at="2026-02-16T18:01:31 IST" duration-ms="0" status="PASS">
          <params>
            <param index="0">
              <value>
                <![CDATA[[TestResult name=projectTest status=SUCCESS method=TestClass.projectTest()[pri:2, instance:testPackageCRM.TestClass@1c1bbc4e] output={null}]]]>
              </value>
            </param>
          </params>
          <reporter-output>
          </reporter-output>
        </test-method> <!-- captureResult -->
        <test-method is-config="true" signature="teardown()[pri:0, instance:testPackageCRM.TestClass@1c1bbc4e]" started-at="2026-02-16T18:01:31 IST" name="teardown" finished-at="2026-02-16T18:01:31 IST" duration-ms="330" status="PASS">
          <reporter-output>
          </reporter-output>
        </test-method> <!-- teardown -->
      </class> <!-- testPackageCRM.TestClass -->
    </test> <!-- Default test -->
  </suite> <!-- Default suite -->
</testng-results>
